生成启动时间为 2020/11/3 15:03:34。
     1>项目“E:\QFProject\Pull\HeightWeight\HeightWeight\HeightWeight.vcxproj”在节点 2 上(Build 个目标)。
     1>Build:
         "C:\Program Files (x86)\Sysprogs\VisualGDB\\VisualGDB.exe" /build "E:\QFProject\Pull\HeightWeight\HeightWeight\HeightWeight.vcxproj" "/solution:E:\QFProject\Pull\HeightWeight\Pull.sln"  "/config:Release" "/platform:Win32"
         VisualGDB: Run "C:\SysGCC\arm-eabi\bin\make.exe  CONFIG=Release -j8" in directory "E:\QFProject\Pull\HeightWeight\HeightWeight" on local computer
         C:/SysGCC/arm-eabi/bin/arm-eabi-gcc.exe -ggdb -ffunction-sections -O3   -mcpu=cortex-m3 -mthumb -I..\..\Inc -I..\..\Drivers\CMSIS\Device\ST\STM32F1xx\Include -I..\..\Drivers\STM32F1xx_HAL_Driver\Inc -I..\..\Middlewares\Third_Party\FreeRTOS\Source\include -I..\..\Middlewares\Third_Party\FreeRTOS\Source\CMSIS_RTOS -I..\..\Middlewares\Third_Party\FreeRTOS\Source\portable\GCC\ARM_CM3 -I..\..\Drivers\STM32F1xx_HAL_Driver\Inc\Legacy -I..\..\Drivers\STM32F1xx_HAL_Driver\Src -I../../Drivers/CMSIS/Device/ST/STM32F1xx/Include -I../../Drivers/CMSIS/Include -I../../Drivers/CMSIS/RTOS/Template -I../../Drivers/STM32F1xx_HAL_Driver/Inc -I../../Inc -I../../Middlewares/Third_Party/FreeRTOS/Source/include -I../../Middlewares/Third_Party/FreeRTOS/Source/portable/GCC/ARM_CM3 -I. -DNDEBUG=1 -DRELEASE=1 -Dflash_layout -DSTM32F103xB -DUSE_FREERTOS -DARM_MATH_CM3 -Dflash_layout -DSTM32F103CB  -c ../../Src/application.c -o Release/application.o -MD -MF Release/application.dep
         C:/SysGCC/arm-eabi/bin/arm-eabi-gcc.exe -ggdb -ffunction-sections -O3   -mcpu=cortex-m3 -mthumb -I..\..\Inc -I..\..\Drivers\CMSIS\Device\ST\STM32F1xx\Include -I..\..\Drivers\STM32F1xx_HAL_Driver\Inc -I..\..\Middlewares\Third_Party\FreeRTOS\Source\include -I..\..\Middlewares\Third_Party\FreeRTOS\Source\CMSIS_RTOS -I..\..\Middlewares\Third_Party\FreeRTOS\Source\portable\GCC\ARM_CM3 -I..\..\Drivers\STM32F1xx_HAL_Driver\Inc\Legacy -I..\..\Drivers\STM32F1xx_HAL_Driver\Src -I../../Drivers/CMSIS/Device/ST/STM32F1xx/Include -I../../Drivers/CMSIS/Include -I../../Drivers/CMSIS/RTOS/Template -I../../Drivers/STM32F1xx_HAL_Driver/Inc -I../../Inc -I../../Middlewares/Third_Party/FreeRTOS/Source/include -I../../Middlewares/Third_Party/FreeRTOS/Source/portable/GCC/ARM_CM3 -I. -DNDEBUG=1 -DRELEASE=1 -Dflash_layout -DSTM32F103xB -DUSE_FREERTOS -DARM_MATH_CM3 -Dflash_layout -DSTM32F103CB  -c ../../Src/APPTooL.c -o Release/APPTooL.o -MD -MF Release/APPTooL.dep
         C:/SysGCC/arm-eabi/bin/arm-eabi-gcc.exe -ggdb -ffunction-sections -O3   -mcpu=cortex-m3 -mthumb -I..\..\Inc -I..\..\Drivers\CMSIS\Device\ST\STM32F1xx\Include -I..\..\Drivers\STM32F1xx_HAL_Driver\Inc -I..\..\Middlewares\Third_Party\FreeRTOS\Source\include -I..\..\Middlewares\Third_Party\FreeRTOS\Source\CMSIS_RTOS -I..\..\Middlewares\Third_Party\FreeRTOS\Source\portable\GCC\ARM_CM3 -I..\..\Drivers\STM32F1xx_HAL_Driver\Inc\Legacy -I..\..\Drivers\STM32F1xx_HAL_Driver\Src -I../../Drivers/CMSIS/Device/ST/STM32F1xx/Include -I../../Drivers/CMSIS/Include -I../../Drivers/CMSIS/RTOS/Template -I../../Drivers/STM32F1xx_HAL_Driver/Inc -I../../Inc -I../../Middlewares/Third_Party/FreeRTOS/Source/include -I../../Middlewares/Third_Party/FreeRTOS/Source/portable/GCC/ARM_CM3 -I. -DNDEBUG=1 -DRELEASE=1 -Dflash_layout -DSTM32F103xB -DUSE_FREERTOS -DARM_MATH_CM3 -Dflash_layout -DSTM32F103CB  -c ../../Src/gpio.c -o Release/gpio.o -MD -MF Release/gpio.dep
         C:/SysGCC/arm-eabi/bin/arm-eabi-gcc.exe -ggdb -ffunction-sections -O3   -mcpu=cortex-m3 -mthumb -I..\..\Inc -I..\..\Drivers\CMSIS\Device\ST\STM32F1xx\Include -I..\..\Drivers\STM32F1xx_HAL_Driver\Inc -I..\..\Middlewares\Third_Party\FreeRTOS\Source\include -I..\..\Middlewares\Third_Party\FreeRTOS\Source\CMSIS_RTOS -I..\..\Middlewares\Third_Party\FreeRTOS\Source\portable\GCC\ARM_CM3 -I..\..\Drivers\STM32F1xx_HAL_Driver\Inc\Legacy -I..\..\Drivers\STM32F1xx_HAL_Driver\Src -I../../Drivers/CMSIS/Device/ST/STM32F1xx/Include -I../../Drivers/CMSIS/Include -I../../Drivers/CMSIS/RTOS/Template -I../../Drivers/STM32F1xx_HAL_Driver/Inc -I../../Inc -I../../Middlewares/Third_Party/FreeRTOS/Source/include -I../../Middlewares/Third_Party/FreeRTOS/Source/portable/GCC/ARM_CM3 -I. -DNDEBUG=1 -DRELEASE=1 -Dflash_layout -DSTM32F103xB -DUSE_FREERTOS -DARM_MATH_CM3 -Dflash_layout -DSTM32F103CB  -c ../../Src/adc.c -o Release/adc.o -MD -MF Release/adc.dep
         E:\QFProject\Pull\HeightWeight\HeightWeight\..\..\Src\stmflash.c(1):
     1>E:\QFProject\Pull\HeightWeight\HeightWeight\..\..\Inc\stmflash.h(22): warning : "STM32_FLASH_BASE" redefined
         C:/SysGCC/arm-eabi/bin/arm-eabi-gcc.exe -ggdb -ffunction-sections -O3   -mcpu=cortex-m3 -mthumb -I..\..\Inc -I..\..\Drivers\CMSIS\Device\ST\STM32F1xx\Include -I..\..\Drivers\STM32F1xx_HAL_Driver\Inc -I..\..\Middlewares\Third_Party\FreeRTOS\Source\include -I..\..\Middlewares\Third_Party\FreeRTOS\Source\CMSIS_RTOS -I..\..\Middlewares\Third_Party\FreeRTOS\Source\portable\GCC\ARM_CM3 -I..\..\Drivers\STM32F1xx_HAL_Driver\Inc\Legacy -I..\..\Drivers\STM32F1xx_HAL_Driver\Src -I../../Drivers/CMSIS/Device/ST/STM32F1xx/Include -I../../Drivers/CMSIS/Include -I../../Drivers/CMSIS/RTOS/Template -I../../Drivers/STM32F1xx_HAL_Driver/Inc -I../../Inc -I../../Middlewares/Third_Party/FreeRTOS/Source/include -I../../Middlewares/Third_Party/FreeRTOS/Source/portable/GCC/ARM_CM3 -I. -DNDEBUG=1 -DRELEASE=1 -Dflash_layout -DSTM32F103xB -DUSE_FREERTOS -DARM_MATH_CM3 -Dflash_layout -DSTM32F103CB  -c ../../Src/freertos.c -o Release/freertos.o -MD -MF Release/freertos.dep
          #define STM32_FLASH_BASE 0x08000000  //STM32 FLASH的起始地址
          
         E:\QFProject\Pull\HeightWeight\HeightWeight\..\..\Inc\stmflash.h(15): note :  this is the location of the previous definition
          #define STM32_FLASH_BASE   CHIP_START_ADDRESS   //起始地址
          
         ../../Src/application.c: In function 'SendData_595':
     1>E:\QFProject\Pull\HeightWeight\HeightWeight\..\..\Src\application.c(66,2): warning : implicit declaration of function 'osDelay'; did you mean 'HAL_Delay'? [-Wimplicit-function-declaration]
           osDelay(1);
           ^~~~~~~
           HAL_Delay
         C:/SysGCC/arm-eabi/bin/arm-eabi-gcc.exe -ggdb -ffunction-sections -O3   -mcpu=cortex-m3 -mthumb -I..\..\Inc -I..\..\Drivers\CMSIS\Device\ST\STM32F1xx\Include -I..\..\Drivers\STM32F1xx_HAL_Driver\Inc -I..\..\Middlewares\Third_Party\FreeRTOS\Source\include -I..\..\Middlewares\Third_Party\FreeRTOS\Source\CMSIS_RTOS -I..\..\Middlewares\Third_Party\FreeRTOS\Source\portable\GCC\ARM_CM3 -I..\..\Drivers\STM32F1xx_HAL_Driver\Inc\Legacy -I..\..\Drivers\STM32F1xx_HAL_Driver\Src -I../../Drivers/CMSIS/Device/ST/STM32F1xx/Include -I../../Drivers/CMSIS/Include -I../../Drivers/CMSIS/RTOS/Template -I../../Drivers/STM32F1xx_HAL_Driver/Inc -I../../Inc -I../../Middlewares/Third_Party/FreeRTOS/Source/include -I../../Middlewares/Third_Party/FreeRTOS/Source/portable/GCC/ARM_CM3 -I. -DNDEBUG=1 -DRELEASE=1 -Dflash_layout -DSTM32F103xB -DUSE_FREERTOS -DARM_MATH_CM3 -Dflash_layout -DSTM32F103CB  -c ../../Src/stmflash.c -o Release/stmflash.o -MD -MF Release/stmflash.dep
         ../../Src/APPTooL.c: In function 'GetPlayData':
     1>E:\QFProject\Pull\HeightWeight\HeightWeight\..\..\Src\APPTooL.c(454,9): warning : implicit declaration of function 'GetTimData'; did you mean 'GetPlayData'? [-Wimplicit-function-declaration]
           tlen = GetTimData(tim, tdat);
                  ^~~~~~~~~~
                  GetPlayData
         C:/SysGCC/arm-eabi/bin/arm-eabi-gcc.exe -ggdb -ffunction-sections -O3   -mcpu=cortex-m3 -mthumb -I..\..\Inc -I..\..\Drivers\CMSIS\Device\ST\STM32F1xx\Include -I..\..\Drivers\STM32F1xx_HAL_Driver\Inc -I..\..\Middlewares\Third_Party\FreeRTOS\Source\include -I..\..\Middlewares\Third_Party\FreeRTOS\Source\CMSIS_RTOS -I..\..\Middlewares\Third_Party\FreeRTOS\Source\portable\GCC\ARM_CM3 -I..\..\Drivers\STM32F1xx_HAL_Driver\Inc\Legacy -I..\..\Drivers\STM32F1xx_HAL_Driver\Src -I../../Drivers/CMSIS/Device/ST/STM32F1xx/Include -I../../Drivers/CMSIS/Include -I../../Drivers/CMSIS/RTOS/Template -I../../Drivers/STM32F1xx_HAL_Driver/Inc -I../../Inc -I../../Middlewares/Third_Party/FreeRTOS/Source/include -I../../Middlewares/Third_Party/FreeRTOS/Source/portable/GCC/ARM_CM3 -I. -DNDEBUG=1 -DRELEASE=1 -Dflash_layout -DSTM32F103xB -DUSE_FREERTOS -DARM_MATH_CM3 -Dflash_layout -DSTM32F103CB  -c BspSound.c -o Release/BspSound.o -MD -MF Release/BspSound.dep
         ../../Src/stmflash.c: In function 'STMFLASH_FormatWrite':
     1>E:\QFProject\Pull\HeightWeight\HeightWeight\..\..\Src\stmflash.c(130,28): warning : passing argument 2 of 'STMFLASH_Write' from incompatible pointer type [-Wincompatible-pointer-types]
           STMFLASH_Write(WriteAddr, buffer, NumToWritechar);
                                     ^~~~~~
         E:\QFProject\Pull\HeightWeight\HeightWeight\..\..\Src\stmflash.c(50,6): note :  expected 'uint16_t * {aka short unsigned int *}' but argument is of type 'char *'
          void STMFLASH_Write(uint32_t WriteAddr,uint16_t *pBuffer,uint16_t NumToWrite)
               ^~~~~~~~~~~~~~
         C:/SysGCC/arm-eabi/bin/arm-eabi-gcc.exe -ggdb -ffunction-sections -O3   -mcpu=cortex-m3 -mthumb -I..\..\Inc -I..\..\Drivers\CMSIS\Device\ST\STM32F1xx\Include -I..\..\Drivers\STM32F1xx_HAL_Driver\Inc -I..\..\Middlewares\Third_Party\FreeRTOS\Source\include -I..\..\Middlewares\Third_Party\FreeRTOS\Source\CMSIS_RTOS -I..\..\Middlewares\Third_Party\FreeRTOS\Source\portable\GCC\ARM_CM3 -I..\..\Drivers\STM32F1xx_HAL_Driver\Inc\Legacy -I..\..\Drivers\STM32F1xx_HAL_Driver\Src -I../../Drivers/CMSIS/Device/ST/STM32F1xx/Include -I../../Drivers/CMSIS/Include -I../../Drivers/CMSIS/RTOS/Template -I../../Drivers/STM32F1xx_HAL_Driver/Inc -I../../Inc -I../../Middlewares/Third_Party/FreeRTOS/Source/include -I../../Middlewares/Third_Party/FreeRTOS/Source/portable/GCC/ARM_CM3 -I. -DNDEBUG=1 -DRELEASE=1 -Dflash_layout -DSTM32F103xB -DUSE_FREERTOS -DARM_MATH_CM3 -Dflash_layout -DSTM32F103CB  -c ultrasonic.c -o Release/ultrasonic.o -MD -MF Release/ultrasonic.dep
         E:\QFProject\Pull\HeightWeight\HeightWeight\..\..\Src\freertos.c(33):
     1>E:\QFProject\Pull\HeightWeight\HeightWeight\..\..\Inc\stmflash.h(22): warning : "STM32_FLASH_BASE" redefined
          #define STM32_FLASH_BASE 0x08000000  //STM32 FLASH的起始地址
          
         E:\QFProject\Pull\HeightWeight\HeightWeight\..\..\Inc\stmflash.h(15): note :  this is the location of the previous definition
          #define STM32_FLASH_BASE   CHIP_START_ADDRESS   //起始地址
          
         ../../Src/freertos.c: In function 'SensorDrive_CallBack':
     1>E:\QFProject\Pull\HeightWeight\HeightWeight\..\..\Src\freertos.c(258,47): warning : passing argument 1 of 'GetMax' from incompatible pointer type [-Wincompatible-pointer-types]
                printf("Time is outed :%dg\r\n", GetMax(Pull_arr, 50)); fflush(stdout);
                                                        ^~~~~~~~
         E:\QFProject\Pull\HeightWeight\HeightWeight\..\..\Src\freertos.c(38):
         E:\QFProject\Pull\HeightWeight\HeightWeight\..\..\Inc\APPTooL.h(30,5): note :  expected 'int *' but argument is of type 'uint32_t * {aka long unsigned int *}'
          int GetMax(int *arr, int len);
              ^~~~~~
     1>E:\QFProject\Pull\HeightWeight\HeightWeight\..\..\Src\freertos.c(260,7): warning : implicit declaration of function 'ProcessGrip'; did you mean 'ProcessBMI'? [-Wimplicit-function-declaration]
                ProcessGrip(3.141);//播放握力
                ^~~~~~~~~~~
                ProcessBMI
         ultrasonic.c: In function 'Hx711_Sck_Out':
     1>E:\QFProject\Pull\HeightWeight\HeightWeight\ultrasonic.c(50,9): warning : 'return' with a value, in function returning void
           return 0;
                  ^
         E:\QFProject\Pull\HeightWeight\HeightWeight\ultrasonic.c(37,6): note :  declared here
          void Hx711_Sck_Out()
               ^~~~~~~~~~~~~
         BspSound.c: In function 'ProcessHeight':
     1>E:\QFProject\Pull\HeightWeight\HeightWeight\BspSound.c(31,12): warning : implicit declaration of function 'DataSeparation' [-Wimplicit-function-declaration]
           templen = DataSeparation(numdata, tdat);
                     ^~~~~~~~~~~~~~
         BspSound.c: In function 'Cal_BMI_TFT':
     1>E:\QFProject\Pull\HeightWeight\HeightWeight\BspSound.c(109,6): warning : implicit declaration of function 'abs' [-Wimplicit-function-declaration]
           w = abs(wi) / 1000.00;
               ^~~
         C:/SysGCC/arm-eabi/bin/arm-eabi-g++.exe -o Release/HeightWeight.elf -Wl,-gc-sections --specs=nano.specs --specs=nosys.specs -TC:\Users\Administrator\AppData\Local\VisualGDB\EmbeddedBSPs\arm-eabi\com.sysprogs.arm.stm32\2019.06/STM32F1xxxx/LinkerScripts/STM32F103CB_flash.lds  -mcpu=cortex-m3 -mthumb   -Wl,--start-group Release/application.o Release/APPTooL.o Release/button.o Release/dwt_stm32_delay.o Release/gpio.o Release/adc.o Release/freertos.o Release/stmflash.o Release/tim.o Release/usart.o Release/stm32f1xx_it.o Release/stm32f1xx_hal_msp.o Release/main.o Release/system_stm32f1xx.o Release/stm32f1xx_hal.o Release/stm32f1xx_hal_adc.o Release/stm32f1xx_hal_adc_ex.o Release/croutine.o Release/event_groups.o Release/list.o Release/queue.o Release/tasks.o Release/timers.o Release/cmsis_os.o Release/heap_4.o Release/port.o Release/stm32f1xx_hal_rcc.o Release/stm32f1xx_hal_rcc_ex.o Release/stm32f1xx_hal_cortex.o Release/stm32f1xx_hal_tim.o Release/stm32f1xx_hal_tim_ex.o Release/stm32f1xx_hal_uart.o Release/stm32f1xx_hal_dma.o Release/stm32f1xx_hal_pwr.o Release/stm32f1xx_hal_flash.o Release/stm32f1xx_hal_flash_ex.o Release/stm32f1xx_hal_gpio.o Release/BspSound.o Release/ultrasonic.o Release/startup_stm32f103xb.o Release/stm32f1xx_hal_gpio_ex.o     -Wl,--end-group
         C:/SysGCC/arm-eabi/bin/arm-eabi-objcopy.exe -O binary Release/HeightWeight.elf Release/HeightWeight.bin
         ------------------- Memory utilization report -------------------
         Used FLASH: 28KB out of 128KB (22%) [+32]
         Used SRAM: 13KB out of 20KB (69%)
     1>已完成生成项目“E:\QFProject\Pull\HeightWeight\HeightWeight\HeightWeight.vcxproj”(Build 个目标)的操作。

生成成功。

已用时间 00:00:02.50
